mode: set
shakespearing-pokemon/api/domains/pokemon/pokemon_error/pokemon_error.go:17.37,19.2 1 1
shakespearing-pokemon/api/domains/pokemon/pokemon_error/pokemon_error.go:21.41,23.2 1 1
shakespearing-pokemon/api/domains/pokemon/pokemon_error/pokemon_error.go:25.69,30.2 1 1
shakespearing-pokemon/api/domains/pokemon/pokemon_error/pokemon_error.go:32.71,34.54 2 1
shakespearing-pokemon/api/domains/pokemon/pokemon_error/pokemon_error.go:37.2,37.21 1 1
shakespearing-pokemon/api/domains/pokemon/pokemon_error/pokemon_error.go:34.54,36.3 1 0
shakespearing-pokemon/api/domains/shksprean_pokemon_domain/shksprean_pokemon_error/shksprean_pokemon_error.go:19.45,21.2 1 1
shakespearing-pokemon/api/domains/shksprean_pokemon_domain/shksprean_pokemon_error/shksprean_pokemon_error.go:23.49,25.2 1 1
shakespearing-pokemon/api/domains/shksprean_pokemon_domain/shksprean_pokemon_error/shksprean_pokemon_error.go:27.73,34.2 1 1
shakespearing-pokemon/api/domains/shksprean_pokemon_domain/shksprean_pokemon_error/shksprean_pokemon_error.go:36.80,38.54 2 1
shakespearing-pokemon/api/domains/shksprean_pokemon_domain/shksprean_pokemon_error/shksprean_pokemon_error.go:41.2,41.21 1 1
shakespearing-pokemon/api/domains/shksprean_pokemon_domain/shksprean_pokemon_error/shksprean_pokemon_error.go:38.54,40.3 1 0
shakespearing-pokemon/api/domains/translation/translation_error/translation_error.go:19.40,21.2 1 1
shakespearing-pokemon/api/domains/translation/translation_error/translation_error.go:23.44,25.2 1 1
shakespearing-pokemon/api/domains/translation/translation_error/translation_error.go:27.68,34.2 1 1
shakespearing-pokemon/api/domains/translation/translation_error/translation_error.go:36.75,38.54 2 1
shakespearing-pokemon/api/domains/translation/translation_error/translation_error.go:41.2,41.21 1 1
shakespearing-pokemon/api/domains/translation/translation_error/translation_error.go:38.54,40.3 1 0
shakespearing-pokemon/api/services/translation_service.go:24.240,26.16 2 1
shakespearing-pokemon/api/services/translation_service.go:30.2,34.29 3 1
shakespearing-pokemon/api/services/translation_service.go:38.2,41.61 2 1
shakespearing-pokemon/api/services/translation_service.go:49.2,50.33 2 1
shakespearing-pokemon/api/services/translation_service.go:54.2,60.22 2 1
shakespearing-pokemon/api/services/translation_service.go:26.16,28.3 1 1
shakespearing-pokemon/api/services/translation_service.go:34.29,36.3 1 0
shakespearing-pokemon/api/services/translation_service.go:41.61,42.59 1 1
shakespearing-pokemon/api/services/translation_service.go:42.59,44.9 2 1
shakespearing-pokemon/api/services/translation_service.go:50.33,52.3 1 0
shakespearing-pokemon/api/services/translation_service.go:63.152,64.24 1 1
shakespearing-pokemon/api/services/translation_service.go:67.2,67.21 1 1
shakespearing-pokemon/api/services/translation_service.go:64.24,66.3 1 1
shakespearing-pokemon/api/controllers/translation_controller/translationController.go:10.67,16.21 3 1
shakespearing-pokemon/api/controllers/translation_controller/translationController.go:21.2,21.33 1 1
shakespearing-pokemon/api/controllers/translation_controller/translationController.go:16.21,19.3 2 1
