mode: set
shakespearing-pokemon/api/domains/pokemon/pokemon_error/pokemon_error.go:17.37,19.2 1 1
shakespearing-pokemon/api/domains/pokemon/pokemon_error/pokemon_error.go:21.41,23.2 1 1
shakespearing-pokemon/api/domains/pokemon/pokemon_error/pokemon_error.go:25.69,30.2 1 1
shakespearing-pokemon/api/domains/pokemon/pokemon_error/pokemon_error.go:32.71,34.54 2 1
shakespearing-pokemon/api/domains/pokemon/pokemon_error/pokemon_error.go:37.2,37.21 1 1
shakespearing-pokemon/api/domains/pokemon/pokemon_error/pokemon_error.go:34.54,36.3 1 0
shakespearing-pokemon/api/domains/translation/translation_error/translation_error.go:19.40,21.2 1 1
shakespearing-pokemon/api/domains/translation/translation_error/translation_error.go:23.44,25.2 1 1
shakespearing-pokemon/api/domains/translation/translation_error/translation_error.go:27.68,34.2 1 1
shakespearing-pokemon/api/domains/translation/translation_error/translation_error.go:36.75,38.54 2 1
shakespearing-pokemon/api/domains/translation/translation_error/translation_error.go:41.2,41.21 1 1
shakespearing-pokemon/api/domains/translation/translation_error/translation_error.go:38.54,40.3 1 0
shakespearing-pokemon/api/domains/shksprean_pokemon_domain/shksprean_pokemon_error/shksprean_pokemon_error.go:19.45,21.2 1 1
shakespearing-pokemon/api/domains/shksprean_pokemon_domain/shksprean_pokemon_error/shksprean_pokemon_error.go:23.49,25.2 1 1
shakespearing-pokemon/api/domains/shksprean_pokemon_domain/shksprean_pokemon_error/shksprean_pokemon_error.go:27.73,34.2 1 1
shakespearing-pokemon/api/domains/shksprean_pokemon_domain/shksprean_pokemon_error/shksprean_pokemon_error.go:36.80,38.54 2 1
shakespearing-pokemon/api/domains/shksprean_pokemon_domain/shksprean_pokemon_error/shksprean_pokemon_error.go:41.2,41.21 1 1
shakespearing-pokemon/api/domains/shksprean_pokemon_domain/shksprean_pokemon_error/shksprean_pokemon_error.go:38.54,40.3 1 0
shakespearing-pokemon/api/services/translation_service.go:24.240,26.16 2 1
shakespearing-pokemon/api/services/translation_service.go:32.2,36.29 3 1
shakespearing-pokemon/api/services/translation_service.go:40.2,43.61 2 1
shakespearing-pokemon/api/services/translation_service.go:51.2,52.33 2 1
shakespearing-pokemon/api/services/translation_service.go:56.2,62.22 2 1
shakespearing-pokemon/api/services/translation_service.go:26.16,28.3 1 1
shakespearing-pokemon/api/services/translation_service.go:36.29,38.3 1 0
shakespearing-pokemon/api/services/translation_service.go:43.61,44.59 1 1
shakespearing-pokemon/api/services/translation_service.go:44.59,46.9 2 1
shakespearing-pokemon/api/services/translation_service.go:52.33,54.3 1 0
shakespearing-pokemon/api/services/translation_service.go:65.152,66.24 1 1
shakespearing-pokemon/api/services/translation_service.go:69.2,69.21 1 1
shakespearing-pokemon/api/services/translation_service.go:66.24,68.3 1 1
shakespearing-pokemon/api/controllers/translation_controller/translationController.go:12.66,20.69 3 1
shakespearing-pokemon/api/controllers/translation_controller/translationController.go:25.2,26.20 2 1
shakespearing-pokemon/api/controllers/translation_controller/translationController.go:32.2,34.33 2 1
shakespearing-pokemon/api/controllers/translation_controller/translationController.go:20.69,23.3 2 0
shakespearing-pokemon/api/controllers/translation_controller/translationController.go:26.20,29.3 2 1
